<?xml version="1.0" encoding="UTF-8"?>
<!-- Generated by org.testng.reporters.JUnitReportReporter -->
<testsuite hostname="DESKTOP-88838KS" failures="0" tests="1" name="testBase.AccountRegistrationTest" time="3.964" errors="0" timestamp="2024-02-18T11:22:46 IST" skipped="0">
  <testcase classname="testBase.AccountRegistrationTest" name="testAccountRegistration" time="3.964"/>
</testsuite> <!-- testBase.AccountRegistrationTest -->
